(VSCode) 2024-08-24 11:31:00.065 [INFO]: No proxy settings found
(VSCode) 2024-08-24 11:31:01.233 [INFO]: Creating manager directory: /tmp/499deaeb-9ded-4c7c-80ca-6c574d60ff0b/codeium/manager
(VSCode) 2024-08-24 11:31:01.707 [INFO]: Using cached LS with valid crc32: /home/nathan/.vscode-oss/extensions/codeium.codeium-1.12.6-universal/dist/380c7c9c022eebd0772a9eca3800839b5b4db78c/language_server_linux_x64
(VSCode) 2024-08-24 11:31:01.717 [INFO]: Language server started
2024/08/24 11:31:01 maxprocs: Leaving GOMAXPROCS=8: CPU quota undefined
I0824 11:31:01.860078  3967 main.go:415] [Logging] Initialized the logger
I0824 11:31:01.860150  3967 main.go:512] Setting GOMAXPROCS to 8
I0824 11:31:01.860241  3967 main.go:672] Starting language server manager with pid 3967
I0824 11:31:01.860309  3967 main.go:118] Manager acquired its lock file /tmp/499deaeb-9ded-4c7c-80ca-6c574d60ff0b/codeium/manager/locks/manager.lock
I0824 11:31:01.861210  3967 main.go:257] Waiting for random port file in /tmp/499deaeb-9ded-4c7c-80ca-6c574d60ff0b/codeium/manager/child_random_port_1724491861860464305_128050085866347572 to be created
2024/08/24 11:31:01 maxprocs: Leaving GOMAXPROCS=8: CPU quota undefined
I0824 11:31:01.989559  3979 main.go:415] [Logging] Initialized the logger
I0824 11:31:01.989654  3979 main.go:512] Setting GOMAXPROCS to 4
I0824 11:31:01.989773  3979 main.go:666] Starting language server process with pid 3979
I0824 11:31:01.989795  3979 server.go:161] Language server will attempt to listen on host 127.0.0.1
I0824 11:31:01.989925  3979 server.go:168] Language server listening on random port at 36617
I0824 11:31:01.989994  3979 proxy.go:113] proxyplease.proxy> No proxy provided. Attempting to infer from system.
I0824 11:31:01.990028  3979 proxy.go:113] proxyplease.proxy> No proxy could be determined. Assuming a direct connection.
I0824 11:31:01.990056  3979 client.go:589] [DEBUG] GET https://server.codeium.com/exa.api_server_pb.ApiServerService/GetCompletions
I0824 11:31:02.412475  3979 unleash.go:91] Initializing Unleash
I0824 11:31:02.810129  3979 unleash.go:111] Successfully initialized Unleash
E0824 11:31:02.820282  3979 client_manager.go:270] Metadata is nil when trying to refresh user JWT
I0824 11:31:02.820924  3979 server.go:363] Successfully created API server client
I0824 11:31:02.876742  3979 server.go:372] Successfully initialized tokenizer
E0824 11:31:02.877476  3979 context_module.go:367] unable to get default pinned context guideline: open /home/nathan/.codeium/codeium_settings.yaml: no such file or directory
I0824 11:31:02.877619  3979 server.go:485] Local search is enabled, will index local files.
I0824 11:31:02.877645  3979 server.go:489] Using 2 indexer workers
I0824 11:31:02.877716  3979 sqlite_faiss_db_client.go:70] Using database at /home/nathan/.codeium/database/9c0694567290725d9dcba14ade58e297/2/MODEL_EMBED_6591
I0824 11:31:02.879563  3979 sqlite_faiss_db_client.go:84] Successfully created embedding search database in 1ms
I0824 11:31:02.880171  3979 indexer.go:215] Using 4 embed workers
I0824 11:31:02.880235  3979 search_provider.go:269] Successfully created and started indexer
I0824 11:31:02.880281  3979 search_provider.go:299] Successfully created embedding search provider with db client: &{0xc001d9f540 0xc001f9b280}
I0824 11:31:02.891022  3979 server.go:564] Successfully created completion provider
I0824 11:31:02.891293  3979 server.go:614] Child process attempting to acquire lock file /tmp/499deaeb-9ded-4c7c-80ca-6c574d60ff0b/codeium/manager/locks/child_lock_1724491861860506219_3406934897287803464
I0824 11:31:02.891388  3979 server.go:622] Child process acquired lock file /tmp/499deaeb-9ded-4c7c-80ca-6c574d60ff0b/codeium/manager/locks/child_lock_1724491861860506219_3406934897287803464
I0824 11:31:02.899306  3979 server.go:188] LSP listening on random port at 43997
I0824 11:31:02.900092  3979 web_server.go:240] Chat Web Server listening at ws://127.0.0.1:37363
43997
I0824 11:31:02.965488  3967 main.go:293] Language server manager found random server port 36617
I0824 11:31:02.965534  3967 main.go:294] Language server manager found random lsp port 43997
I0824 11:31:02.965550  3967 main.go:301] Language server manager attempting to connect to language server at 127.0.0.1:36617
I0824 11:31:02.999670  3967 main.go:172] Fixing language server port at 36617
I0824 11:31:02.999699  3967 main.go:352] Language server manager successfully connected to new language server at 127.0.0.1:36617
(VSCode) 2024-08-24 11:31:03.025 [INFO]: Found language server running on port 36617
I0824 11:31:03.037653  3979 utils.go:185] Analyzing workspace files for /usr/share/sway/
I0824 11:31:03.038571  3979 utils.go:245] Done analyzing workspace files for /usr/share/sway/
I0824 11:31:03.038597  3979 lsp.go:208] Found 49 files in workspace /usr/share/sway/
I0824 11:31:03.039142  3979 lsp.go:232] Adding workspace listener for [0xc000436230]
I0824 11:31:03.039502  3979 indexing_listener.go:238] Add workspace event with uid 1 for workspace /usr/share/sway/
I0824 11:31:03.042411  3979 lazy_model.go:32] Successfully created faiss index
I0824 11:31:03.078466  3979 indexing_listener.go:297] Done enqueue workspace with uid 1
I0824 11:31:03.081718  3979 rpcs_miscellaneous.go:323] University version is up to date.
I0824 11:31:03.085943  3979 rpcs_miscellaneous.go:205] Downloading changelog from https://exafunction.github.io/public/changelog/1.12.md
I0824 11:31:03.097122  3979 rpcs_miscellaneous.go:209] No changelog found at https://exafunction.github.io/public/changelog/1.12.md
