(VSCode) 2024-08-24 11:34:11.858 [INFO]: No proxy settings found
(VSCode) 2024-08-24 11:34:13.323 [INFO]: Creating manager directory: /tmp/be5cc911-a7fd-4b3e-bfc6-ffc309b46c75/codeium/manager
(VSCode) 2024-08-24 11:34:13.754 [INFO]: Using cached LS with valid crc32: /home/nathan/.vscode-oss/extensions/codeium.codeium-1.12.6-universal/dist/380c7c9c022eebd0772a9eca3800839b5b4db78c/language_server_linux_x64
(VSCode) 2024-08-24 11:34:13.764 [INFO]: Language server started
2024/08/24 11:34:13 maxprocs: Leaving GOMAXPROCS=8: CPU quota undefined
I0824 11:34:13.965186  4053 main.go:415] [Logging] Initialized the logger
I0824 11:34:13.965310  4053 main.go:512] Setting GOMAXPROCS to 8
I0824 11:34:13.965459  4053 main.go:672] Starting language server manager with pid 4053
I0824 11:34:13.965580  4053 main.go:118] Manager acquired its lock file /tmp/be5cc911-a7fd-4b3e-bfc6-ffc309b46c75/codeium/manager/locks/manager.lock
I0824 11:34:13.966639  4053 main.go:257] Waiting for random port file in /tmp/be5cc911-a7fd-4b3e-bfc6-ffc309b46c75/codeium/manager/child_random_port_1724492053966168596_6814001316389940166 to be created
2024/08/24 11:34:14 maxprocs: Leaving GOMAXPROCS=8: CPU quota undefined
I0824 11:34:14.155709  4063 main.go:415] [Logging] Initialized the logger
I0824 11:34:14.155788  4063 main.go:512] Setting GOMAXPROCS to 4
I0824 11:34:14.155942  4063 main.go:666] Starting language server process with pid 4063
I0824 11:34:14.155965  4063 server.go:161] Language server will attempt to listen on host 127.0.0.1
I0824 11:34:14.156169  4063 server.go:168] Language server listening on random port at 45227
I0824 11:34:14.156233  4063 proxy.go:113] proxyplease.proxy> No proxy provided. Attempting to infer from system.
I0824 11:34:14.156266  4063 proxy.go:113] proxyplease.proxy> No proxy could be determined. Assuming a direct connection.
I0824 11:34:14.156298  4063 client.go:589] [DEBUG] GET https://server.codeium.com/exa.api_server_pb.ApiServerService/GetCompletions
I0824 11:34:14.616937  4063 unleash.go:91] Initializing Unleash
I0824 11:34:15.017016  4063 unleash.go:111] Successfully initialized Unleash
E0824 11:34:15.032222  4063 client_manager.go:270] Metadata is nil when trying to refresh user JWT
I0824 11:34:15.032786  4063 server.go:363] Successfully created API server client
I0824 11:34:15.064472  4063 server.go:372] Successfully initialized tokenizer
E0824 11:34:15.065062  4063 context_module.go:367] unable to get default pinned context guideline: open /home/nathan/.codeium/codeium_settings.yaml: no such file or directory
I0824 11:34:15.065617  4063 server.go:485] Local search is enabled, will index local files.
I0824 11:34:15.065632  4063 server.go:489] Using 2 indexer workers
I0824 11:34:15.065831  4063 sqlite_faiss_db_client.go:70] Using database at /home/nathan/.codeium/database/9c0694567290725d9dcba14ade58e297/2/MODEL_EMBED_6591
I0824 11:34:15.073095  4063 sqlite_faiss_db_client.go:84] Successfully created embedding search database in 7ms
I0824 11:34:15.073414  4063 indexer.go:215] Using 4 embed workers
I0824 11:34:15.073454  4063 search_provider.go:269] Successfully created and started indexer
I0824 11:34:15.073488  4063 search_provider.go:299] Successfully created embedding search provider with db client: &{0xc002312400 0xc00229a480}
I0824 11:34:15.080064  4063 server.go:564] Successfully created completion provider
I0824 11:34:15.080410  4063 server.go:614] Child process attempting to acquire lock file /tmp/be5cc911-a7fd-4b3e-bfc6-ffc309b46c75/codeium/manager/locks/child_lock_1724492053966216027_5543608531240288939
I0824 11:34:15.080488  4063 server.go:622] Child process acquired lock file /tmp/be5cc911-a7fd-4b3e-bfc6-ffc309b46c75/codeium/manager/locks/child_lock_1724492053966216027_5543608531240288939
I0824 11:34:15.088344  4063 server.go:188] LSP listening on random port at 46225
I0824 11:34:15.088825  4063 web_server.go:240] Chat Web Server listening at ws://127.0.0.1:39099
46225
I0824 11:34:15.173212  4053 main.go:293] Language server manager found random server port 45227
I0824 11:34:15.173274  4053 main.go:294] Language server manager found random lsp port 46225
I0824 11:34:15.173331  4053 main.go:301] Language server manager attempting to connect to language server at 127.0.0.1:45227
I0824 11:34:15.200164  4053 main.go:172] Fixing language server port at 45227
I0824 11:34:15.200203  4053 main.go:352] Language server manager successfully connected to new language server at 127.0.0.1:45227
(VSCode) 2024-08-24 11:34:15.273 [INFO]: Found language server running on port 45227
I0824 11:34:15.286688  4063 utils.go:185] Analyzing workspace files for /etc/sway/
I0824 11:34:15.286902  4063 utils.go:245] Done analyzing workspace files for /etc/sway/
I0824 11:34:15.286919  4063 lsp.go:208] Found 17 files in workspace /etc/sway/
I0824 11:34:15.287107  4063 lsp.go:232] Adding workspace listener for [0xc000536e70]
I0824 11:34:15.287245  4063 indexing_listener.go:238] Add workspace event with uid 1 for workspace /etc/sway/
I0824 11:34:15.292255  4063 lazy_model.go:32] Successfully created faiss index
I0824 11:34:15.297895  4063 indexing_listener.go:297] Done enqueue workspace with uid 1
I0824 11:34:15.336280  4063 rpcs_miscellaneous.go:323] University version is up to date.
I0824 11:34:15.343105  4063 rpcs_miscellaneous.go:205] Downloading changelog from https://exafunction.github.io/public/changelog/1.12.md
I0824 11:34:15.354729  4063 rpcs_miscellaneous.go:209] No changelog found at https://exafunction.github.io/public/changelog/1.12.md
I0824 11:39:15.555810  4063 rpcs_miscellaneous.go:113] Indexer stats: database:{local_sqlite_faiss:{faiss_state_stats:{embedding_source:EMBEDDING_SOURCE_CODE_CONTEXT_ITEM  workspace:"/etc/sway"  item_count:68}  total_item_count:68  quantized:true}}
I0824 11:39:15.560753  4063 rpcs_miscellaneous.go:120] Memory stats: {"runtime":{"alloc":47345600,"heap_inuse":51781632,"heap_released":7872512,"heap_sys":69861376,"total_alloc":126394312,"stack_inuse":1212416,"sys":78995736,"num_goroutine":49},"proc":{"virt_size":2293056,"pss":253592}}
I0824 11:40:15.033174  4063 client_manager.go:248] Pruning inactive client for {3e8a17bd-3c9b-4c50-bac1-461a703633e7 c0171149-88aa-4292-a208-bda60d3f1cf7}
E0824 12:29:35.153141  4063 api_server_client.go:217] Ping error: read tcp 192.168.1.119:43414 -> 35.223.238.178:443: read: connection reset by peer
I0824 12:30:01.141126  4063 rpcs_miscellaneous.go:113] Indexer stats: database:{local_sqlite_faiss:{faiss_state_stats:{embedding_source:EMBEDDING_SOURCE_CODE_CONTEXT_ITEM  workspace:"/etc/sway"  item_count:68}  total_item_count:68  quantized:true}}
I0824 12:30:01.146175  4063 rpcs_miscellaneous.go:120] Memory stats: {"runtime":{"alloc":51380608,"heap_inuse":55640064,"heap_released":7872512,"heap_sys":69828608,"total_alloc":160760568,"stack_inuse":1277952,"sys":78995736,"num_goroutine":48},"proc":{"virt_size":2293056,"pss":253762}}
E0824 12:30:02.635203  4063 unleash.go:61] Unleash error: Get "https://unleash.codeium.com/api/client/features": context deadline exceeded (Client.Timeout exceeded while awaiting headers)
I0824 12:35:01.319016  4063 rpcs_miscellaneous.go:113] Indexer stats: database:{local_sqlite_faiss:{faiss_state_stats:{embedding_source:EMBEDDING_SOURCE_CODE_CONTEXT_ITEM  workspace:"/etc/sway"  item_count:68}  total_item_count:68  quantized:true}}
I0824 12:35:01.324026  4063 rpcs_miscellaneous.go:120] Memory stats: {"runtime":{"alloc":41653296,"heap_inuse":46374912,"heap_released":12853248,"heap_sys":69959680,"total_alloc":194034472,"stack_inuse":1212416,"sys":78995736,"num_goroutine":49},"proc":{"virt_size":2293056,"pss":249016}}
