(VSCode) 2024-08-24 11:34:12.512 [INFO]: No proxy settings found
(VSCode) 2024-08-24 11:34:13.764 [INFO]: Creating manager directory: /tmp/2968a0e5-77d5-4dca-b475-e4cf6e7e804a/codeium/manager
(VSCode) 2024-08-24 11:34:14.221 [INFO]: Using cached LS with valid crc32: /home/nathan/.vscode-oss/extensions/codeium.codeium-1.12.6-universal/dist/380c7c9c022eebd0772a9eca3800839b5b4db78c/language_server_linux_x64
(VSCode) 2024-08-24 11:34:14.231 [INFO]: Language server started
2024/08/24 11:34:14 maxprocs: Leaving GOMAXPROCS=8: CPU quota undefined
I0824 11:34:14.383234  4085 main.go:415] [Logging] Initialized the logger
I0824 11:34:14.383318  4085 main.go:512] Setting GOMAXPROCS to 8
I0824 11:34:14.383427  4085 main.go:672] Starting language server manager with pid 4085
I0824 11:34:14.383513  4085 main.go:118] Manager acquired its lock file /tmp/2968a0e5-77d5-4dca-b475-e4cf6e7e804a/codeium/manager/locks/manager.lock
I0824 11:34:14.384265  4085 main.go:257] Waiting for random port file in /tmp/2968a0e5-77d5-4dca-b475-e4cf6e7e804a/codeium/manager/child_random_port_1724492054383768111_35369402972721944 to be created
2024/08/24 11:34:14 maxprocs: Leaving GOMAXPROCS=8: CPU quota undefined
I0824 11:34:14.513984  4106 main.go:415] [Logging] Initialized the logger
I0824 11:34:14.514053  4106 main.go:512] Setting GOMAXPROCS to 4
I0824 11:34:14.514174  4106 main.go:666] Starting language server process with pid 4106
I0824 11:34:14.514189  4106 server.go:161] Language server will attempt to listen on host 127.0.0.1
I0824 11:34:14.514284  4106 server.go:168] Language server listening on random port at 42203
I0824 11:34:14.514326  4106 proxy.go:113] proxyplease.proxy> No proxy provided. Attempting to infer from system.
I0824 11:34:14.514345  4106 proxy.go:113] proxyplease.proxy> No proxy could be determined. Assuming a direct connection.
I0824 11:34:14.514366  4106 client.go:589] [DEBUG] GET https://server.codeium.com/exa.api_server_pb.ApiServerService/GetCompletions
I0824 11:34:14.946835  4106 unleash.go:91] Initializing Unleash
I0824 11:34:15.338489  4106 unleash.go:111] Successfully initialized Unleash
E0824 11:34:15.355240  4106 client_manager.go:270] Metadata is nil when trying to refresh user JWT
I0824 11:34:15.355821  4106 server.go:363] Successfully created API server client
I0824 11:34:15.400419  4106 server.go:372] Successfully initialized tokenizer
E0824 11:34:15.400935  4106 context_module.go:367] unable to get default pinned context guideline: open /home/nathan/.codeium/codeium_settings.yaml: no such file or directory
I0824 11:34:15.401067  4106 server.go:485] Local search is enabled, will index local files.
I0824 11:34:15.401099  4106 server.go:489] Using 2 indexer workers
I0824 11:34:15.401172  4106 sqlite_faiss_db_client.go:70] Using database at /home/nathan/.codeium/database/9c0694567290725d9dcba14ade58e297/2/MODEL_EMBED_6591
I0824 11:34:15.402675  4106 sqlite_faiss_db_client.go:84] Successfully created embedding search database in 1ms
I0824 11:34:15.403104  4106 indexer.go:215] Using 4 embed workers
I0824 11:34:15.403153  4106 search_provider.go:269] Successfully created and started indexer
I0824 11:34:15.403194  4106 search_provider.go:299] Successfully created embedding search provider with db client: &{0xc0023c0dc0 0xc0022cd6c0}
I0824 11:34:15.412351  4106 server.go:564] Successfully created completion provider
I0824 11:34:15.412583  4106 server.go:614] Child process attempting to acquire lock file /tmp/2968a0e5-77d5-4dca-b475-e4cf6e7e804a/codeium/manager/locks/child_lock_1724492054383836894_8145851111008911169
I0824 11:34:15.412662  4106 server.go:622] Child process acquired lock file /tmp/2968a0e5-77d5-4dca-b475-e4cf6e7e804a/codeium/manager/locks/child_lock_1724492054383836894_8145851111008911169
I0824 11:34:15.421230  4106 server.go:188] LSP listening on random port at 46311
I0824 11:34:15.421908  4106 web_server.go:240] Chat Web Server listening at ws://127.0.0.1:37253
46311
I0824 11:34:15.490185  4085 main.go:293] Language server manager found random server port 42203
I0824 11:34:15.490244  4085 main.go:294] Language server manager found random lsp port 46311
I0824 11:34:15.490269  4085 main.go:301] Language server manager attempting to connect to language server at 127.0.0.1:42203
I0824 11:34:15.511191  4085 main.go:172] Fixing language server port at 42203
I0824 11:34:15.511229  4085 main.go:352] Language server manager successfully connected to new language server at 127.0.0.1:42203
(VSCode) 2024-08-24 11:34:15.539 [INFO]: Found language server running on port 42203
I0824 11:34:15.592188  4106 rpcs_miscellaneous.go:323] University version is up to date.
I0824 11:34:15.596403  4106 rpcs_miscellaneous.go:205] Downloading changelog from https://exafunction.github.io/public/changelog/1.12.md
I0824 11:34:15.606683  4106 rpcs_miscellaneous.go:209] No changelog found at https://exafunction.github.io/public/changelog/1.12.md
(VSCode) 2024-08-24 11:34:54.876 [INFO]: Completion request succeeded (799.63ms)
(VSCode) 2024-08-24 11:34:54.878 [INFO]: No completions were generated
(VSCode) 2024-08-24 11:34:54.878 [INFO]: provideInlineCompletionItems request succeeded (805.35ms)
(VSCode) 2024-08-24 11:35:04.474 [INFO]: Completion request succeeded (786.08ms)
(VSCode) 2024-08-24 11:35:04.475 [INFO]: No completions were generated
(VSCode) 2024-08-24 11:35:04.476 [INFO]: provideInlineCompletionItems request succeeded (788.81ms)
(VSCode) 2024-08-24 11:35:06.057 [INFO]: Completion request was cancelled by token (897.21ms)
(VSCode) 2024-08-24 11:35:27.664 [INFO]: Completion request was cancelled by token (419.8ms)
(VSCode) 2024-08-24 11:35:28.713 [INFO]: Completion request succeeded (998.31ms)
(VSCode) 2024-08-24 11:35:28.715 [INFO]: Generated 5 completions
(VSCode) 2024-08-24 11:35:28.718 [INFO]: provideInlineCompletionItems request succeeded (1005.05ms)
(VSCode) 2024-08-24 11:36:34.801 [INFO]: Completion request succeeded (346.25ms)
(VSCode) 2024-08-24 11:36:34.802 [INFO]: No completions were generated
(VSCode) 2024-08-24 11:36:34.803 [INFO]: provideInlineCompletionItems request succeeded (349.07ms)
(VSCode) 2024-08-24 11:36:35.497 [INFO]: Completion request succeeded (595.97ms)
(VSCode) 2024-08-24 11:36:35.498 [INFO]: No completions were generated
(VSCode) 2024-08-24 11:36:35.499 [INFO]: provideInlineCompletionItems request succeeded (598.76ms)
(VSCode) 2024-08-24 11:36:37.349 [INFO]: Completion request succeeded (349.56ms)
(VSCode) 2024-08-24 11:36:37.351 [INFO]: Generated 7 completions
(VSCode) 2024-08-24 11:36:37.355 [INFO]: provideInlineCompletionItems request succeeded (355.55ms)
(VSCode) 2024-08-24 11:36:37.892 [INFO]: Completion request was cancelled by token (277.81ms)
(VSCode) 2024-08-24 11:36:38.785 [INFO]: Completion request was cancelled by token (843.45ms)
(VSCode) 2024-08-24 11:36:39.162 [INFO]: Completion request succeeded (325.12ms)
(VSCode) 2024-08-24 11:36:39.164 [INFO]: No completions were generated
(VSCode) 2024-08-24 11:36:39.164 [INFO]: provideInlineCompletionItems request succeeded (327.6ms)
(VSCode) 2024-08-24 11:36:41.936 [INFO]: Completion request was cancelled by token (542.99ms)
(VSCode) 2024-08-24 11:36:42.081 [INFO]: Skipping completions because autocomplete is open
(VSCode) 2024-08-24 11:36:42.149 [INFO]: Skipping completions because autocomplete is open
(VSCode) 2024-08-24 11:36:42.326 [INFO]: Skipping completions because autocomplete is open
(VSCode) 2024-08-24 11:37:53.943 [INFO]: Completion request succeeded (472.12ms)
(VSCode) 2024-08-24 11:37:53.944 [INFO]: Generated 6 completions
(VSCode) 2024-08-24 11:37:53.945 [INFO]: provideInlineCompletionItems request succeeded (475.05ms)
(VSCode) 2024-08-24 11:37:57.690 [INFO]: Completion request was cancelled by token (392.05ms)
(VSCode) 2024-08-24 11:37:58.316 [INFO]: Completion request succeeded (560.32ms)
(VSCode) 2024-08-24 11:37:58.318 [INFO]: No completions were generated
(VSCode) 2024-08-24 11:37:58.318 [INFO]: provideInlineCompletionItems request succeeded (563.19ms)
(VSCode) 2024-08-24 11:38:27.129 [INFO]: Completion request succeeded (372.98ms)
(VSCode) 2024-08-24 11:38:27.131 [INFO]: Generated 2 completions
(VSCode) 2024-08-24 11:38:27.132 [INFO]: provideInlineCompletionItems request succeeded (376.91ms)
(VSCode) 2024-08-24 11:38:27.424 [INFO]: Completion request was cancelled by token (63.53ms)
(VSCode) 2024-08-24 11:38:27.811 [INFO]: Completion request succeeded (333.07ms)
(VSCode) 2024-08-24 11:38:27.812 [INFO]: No completions were generated
(VSCode) 2024-08-24 11:38:27.812 [INFO]: provideInlineCompletionItems request succeeded (335.48ms)
(VSCode) 2024-08-24 11:38:52.421 [INFO]: Completion request was cancelled by token (180.63ms)
(VSCode) 2024-08-24 11:38:52.827 [INFO]: Completion request succeeded (356.29ms)
(VSCode) 2024-08-24 11:38:52.829 [INFO]: No completions were generated
(VSCode) 2024-08-24 11:38:52.830 [INFO]: provideInlineCompletionItems request succeeded (359.3ms)
(VSCode) 2024-08-24 11:39:10.586 [INFO]: Completion request was cancelled by token (304.31ms)
(VSCode) 2024-08-24 11:39:10.968 [INFO]: Completion request succeeded (331.67ms)
(VSCode) 2024-08-24 11:39:10.970 [INFO]: No completions were generated
(VSCode) 2024-08-24 11:39:10.970 [INFO]: provideInlineCompletionItems request succeeded (334.44ms)
I0824 11:39:15.485569  4106 rpcs_miscellaneous.go:120] Memory stats: {"runtime":{"alloc":103947280,"heap_inuse":107741184,"heap_released":2285568,"heap_sys":123305984,"total_alloc":247930344,"stack_inuse":1703936,"sys":134373656,"num_goroutine":88},"proc":{"virt_size":2363768,"pss":326179}}
(VSCode) 2024-08-24 11:40:02.680 [INFO]: Completion request succeeded (393.77ms)
(VSCode) 2024-08-24 11:40:02.682 [INFO]: Generated 1 completion
(VSCode) 2024-08-24 11:40:02.683 [INFO]: provideInlineCompletionItems request succeeded (397.72ms)
(VSCode) 2024-08-24 11:40:03.808 [INFO]: Completion request succeeded (719.49ms)
(VSCode) 2024-08-24 11:40:03.810 [INFO]: No completions were generated
(VSCode) 2024-08-24 11:40:03.810 [INFO]: provideInlineCompletionItems request succeeded (721.95ms)
(VSCode) 2024-08-24 11:40:07.831 [INFO]: Completion request was cancelled by token (609.49ms)
(VSCode) 2024-08-24 11:40:08.296 [INFO]: Completion request was cancelled by token (414.41ms)
(VSCode) 2024-08-24 11:40:11.510 [INFO]: Completion request succeeded (329.34ms)
(VSCode) 2024-08-24 11:40:11.511 [INFO]: No completions were generated
(VSCode) 2024-08-24 11:40:11.512 [INFO]: provideInlineCompletionItems request succeeded (332.4ms)
(VSCode) 2024-08-24 11:40:20.804 [INFO]: Completion request succeeded (760.27ms)
(VSCode) 2024-08-24 11:40:20.806 [INFO]: No completions were generated
(VSCode) 2024-08-24 11:40:20.806 [INFO]: provideInlineCompletionItems request succeeded (763.26ms)
(VSCode) 2024-08-24 11:40:22.103 [INFO]: Completion request was cancelled by token (175.01ms)
(VSCode) 2024-08-24 11:40:22.953 [INFO]: Completion request succeeded (800.4ms)
(VSCode) 2024-08-24 11:40:22.955 [INFO]: No completions were generated
(VSCode) 2024-08-24 11:40:22.955 [INFO]: provideInlineCompletionItems request succeeded (803.32ms)
(VSCode) 2024-08-24 11:40:31.677 [INFO]: Completion request was cancelled by token (109.47ms)
(VSCode) 2024-08-24 11:40:32.371 [INFO]: Completion request succeeded (644.53ms)
(VSCode) 2024-08-24 11:40:32.372 [INFO]: No completions were generated
(VSCode) 2024-08-24 11:40:32.373 [INFO]: provideInlineCompletionItems request succeeded (647.09ms)
(VSCode) 2024-08-24 11:40:33.069 [INFO]: Completion request succeeded (331.73ms)
(VSCode) 2024-08-24 11:40:33.071 [INFO]: No completions were generated
(VSCode) 2024-08-24 11:40:33.071 [INFO]: provideInlineCompletionItems request succeeded (334.59ms)
(VSCode) 2024-08-24 11:40:38.968 [INFO]: Completion request was cancelled by token (319.97ms)
(VSCode) 2024-08-24 11:40:39.805 [INFO]: Completion request succeeded (786.27ms)
(VSCode) 2024-08-24 11:40:39.806 [INFO]: Generated 4 completions
(VSCode) 2024-08-24 11:40:39.808 [INFO]: provideInlineCompletionItems request succeeded (790.09ms)
(VSCode) 2024-08-24 11:40:49.190 [INFO]: Completion request succeeded (326.58ms)
(VSCode) 2024-08-24 11:40:49.191 [INFO]: No completions were generated
(VSCode) 2024-08-24 11:40:49.191 [INFO]: provideInlineCompletionItems request succeeded (328.74ms)
(VSCode) 2024-08-24 11:40:51.140 [INFO]: Completion request succeeded (327.21ms)
(VSCode) 2024-08-24 11:40:51.142 [INFO]: No completions were generated
(VSCode) 2024-08-24 11:40:51.143 [INFO]: provideInlineCompletionItems request succeeded (330.24ms)
(VSCode) 2024-08-24 11:40:52.128 [INFO]: Completion request was cancelled by token (525.63ms)
(VSCode) 2024-08-24 11:40:52.420 [INFO]: Completion request was cancelled by token (242.1ms)
(VSCode) 2024-08-24 11:40:52.522 [INFO]: Completion request was cancelled by token (51.94ms)
(VSCode) 2024-08-24 11:40:53.899 [INFO]: Completion request was cancelled by token (1326.69ms)
(VSCode) 2024-08-24 11:40:56.899 [INFO]: Completion request was cancelled by token (2950.68ms)
(VSCode) 2024-08-24 11:41:02.054 [INFO]: Completion request succeeded (324.73ms)
(VSCode) 2024-08-24 11:41:02.056 [INFO]: No completions were generated
(VSCode) 2024-08-24 11:41:02.057 [INFO]: provideInlineCompletionItems request succeeded (328.67ms)
(VSCode) 2024-08-24 11:41:08.307 [INFO]: Completion request was cancelled by token (234.98ms)
(VSCode) 2024-08-24 11:41:08.903 [INFO]: Completion request was cancelled by token (545.58ms)
(VSCode) 2024-08-24 11:41:09.190 [INFO]: Completion request was cancelled by token (102.78ms)
(VSCode) 2024-08-24 11:41:09.954 [INFO]: Completion request succeeded (712.9ms)
(VSCode) 2024-08-24 11:41:09.955 [INFO]: No completions were generated
(VSCode) 2024-08-24 11:41:09.955 [INFO]: provideInlineCompletionItems request succeeded (715.21ms)
(VSCode) 2024-08-24 11:41:15.771 [INFO]: Completion request succeeded (364.79ms)
(VSCode) 2024-08-24 11:41:15.772 [INFO]: Generated 1 completion
(VSCode) 2024-08-24 11:41:15.773 [INFO]: provideInlineCompletionItems request succeeded (367.79ms)
(VSCode) 2024-08-24 11:41:16.366 [INFO]: Completion request was cancelled by token (381.06ms)
(VSCode) 2024-08-24 11:41:17.085 [INFO]: Completion request succeeded (664.94ms)
(VSCode) 2024-08-24 11:41:17.086 [INFO]: No completions were generated
(VSCode) 2024-08-24 11:41:17.086 [INFO]: provideInlineCompletionItems request succeeded (667.27ms)
(VSCode) 2024-08-24 11:41:33.247 [INFO]: Completion request succeeded (331.12ms)
(VSCode) 2024-08-24 11:41:33.248 [INFO]: No completions were generated
(VSCode) 2024-08-24 11:41:33.248 [INFO]: provideInlineCompletionItems request succeeded (333.41ms)
(VSCode) 2024-08-24 11:41:48.262 [INFO]: Completion request was cancelled by token (199.27ms)
(VSCode) 2024-08-24 11:41:48.640 [INFO]: Completion request succeeded (327.07ms)
(VSCode) 2024-08-24 11:41:48.641 [INFO]: No completions were generated
(VSCode) 2024-08-24 11:41:48.641 [INFO]: provideInlineCompletionItems request succeeded (328.99ms)
(VSCode) 2024-08-24 11:41:52.140 [INFO]: Completion request succeeded (799.61ms)
(VSCode) 2024-08-24 11:41:52.142 [INFO]: No completions were generated
(VSCode) 2024-08-24 11:41:52.142 [INFO]: provideInlineCompletionItems request succeeded (802.49ms)
(VSCode) 2024-08-24 11:41:55.418 [INFO]: Completion request succeeded (806.24ms)
(VSCode) 2024-08-24 11:41:55.420 [INFO]: No completions were generated
(VSCode) 2024-08-24 11:41:55.420 [INFO]: provideInlineCompletionItems request succeeded (808.84ms)
(VSCode) 2024-08-24 11:42:04.812 [INFO]: Completion request was cancelled by token (455.23ms)
(VSCode) 2024-08-24 11:42:05.428 [INFO]: Completion request succeeded (566.9ms)
(VSCode) 2024-08-24 11:42:05.429 [INFO]: No completions were generated
(VSCode) 2024-08-24 11:42:05.430 [INFO]: provideInlineCompletionItems request succeeded (569.88ms)
(VSCode) 2024-08-24 11:42:07.361 [INFO]: Completion request succeeded (321.86ms)
(VSCode) 2024-08-24 11:42:07.362 [INFO]: No completions were generated
(VSCode) 2024-08-24 11:42:07.362 [INFO]: provideInlineCompletionItems request succeeded (323.89ms)
(VSCode) 2024-08-24 11:42:26.043 [INFO]: Completion request was cancelled by token (271.38ms)
(VSCode) 2024-08-24 11:42:26.169 [INFO]: Skipping completions because autocomplete is open
(VSCode) 2024-08-24 11:42:26.715 [INFO]: Completion request succeeded (332.92ms)
(VSCode) 2024-08-24 11:42:26.716 [INFO]: No completions were generated
(VSCode) 2024-08-24 11:42:26.716 [INFO]: provideInlineCompletionItems request succeeded (335.41ms)
(VSCode) 2024-08-24 11:42:27.649 [INFO]: Completion request was cancelled by token (73ms)
(VSCode) 2024-08-24 11:42:28.238 [INFO]: Completion request was cancelled by token (538.23ms)
(VSCode) 2024-08-24 11:42:29.001 [INFO]: Completion request succeeded (712.46ms)
(VSCode) 2024-08-24 11:42:29.002 [INFO]: No completions were generated
(VSCode) 2024-08-24 11:42:29.002 [INFO]: provideInlineCompletionItems request succeeded (714.74ms)
(VSCode) 2024-08-24 11:42:29.194 [INFO]: Skipping completions because autocomplete is open
(VSCode) 2024-08-24 11:42:29.274 [INFO]: Skipping completions because autocomplete is open
(VSCode) 2024-08-24 11:42:29.537 [INFO]: Skipping completions because autocomplete is open
(VSCode) 2024-08-24 11:42:29.648 [INFO]: Skipping completions because autocomplete is open
(VSCode) 2024-08-24 11:42:31.192 [INFO]: Completion request succeeded (343.24ms)
(VSCode) 2024-08-24 11:42:31.193 [INFO]: Generated 1 completion
(VSCode) 2024-08-24 11:42:31.193 [INFO]: provideInlineCompletionItems request succeeded (345.19ms)
(VSCode) 2024-08-24 11:42:31.486 [INFO]: Completion request succeeded (8.19ms)
(VSCode) 2024-08-24 11:42:31.487 [INFO]: Generated 1 completion
(VSCode) 2024-08-24 11:42:31.488 [INFO]: provideInlineCompletionItems request succeeded (11.15ms)
(VSCode) 2024-08-24 11:42:37.111 [INFO]: Completion request succeeded (314.14ms)
(VSCode) 2024-08-24 11:42:37.112 [INFO]: No completions were generated
(VSCode) 2024-08-24 11:42:37.113 [INFO]: provideInlineCompletionItems request succeeded (316.84ms)
(VSCode) 2024-08-24 11:42:37.647 [INFO]: Completion request was cancelled by token (88.69ms)
(VSCode) 2024-08-24 11:42:38.153 [INFO]: Completion request was cancelled by token (454.73ms)
(VSCode) 2024-08-24 11:42:38.225 [INFO]: Skipping completions because autocomplete is open
(VSCode) 2024-08-24 11:42:38.618 [INFO]: Completion request was cancelled by token (82ms)
(VSCode) 2024-08-24 11:42:38.695 [INFO]: Skipping completions because autocomplete is open
(VSCode) 2024-08-24 11:42:39.011 [INFO]: Skipping completions because autocomplete is open
(VSCode) 2024-08-24 11:42:39.300 [INFO]: Skipping completions because autocomplete is open
(VSCode) 2024-08-24 11:42:39.547 [INFO]: Skipping completions because autocomplete is open
(VSCode) 2024-08-24 11:42:39.645 [INFO]: Skipping completions because autocomplete is open
(VSCode) 2024-08-24 11:42:39.840 [INFO]: Skipping completions because autocomplete is open
(VSCode) 2024-08-24 11:42:40.006 [INFO]: Skipping completions because autocomplete is open
(VSCode) 2024-08-24 11:42:40.068 [INFO]: Skipping completions because autocomplete is open
(VSCode) 2024-08-24 11:42:40.212 [INFO]: Skipping completions because autocomplete is open
(VSCode) 2024-08-24 11:42:40.299 [INFO]: Skipping completions because autocomplete is open
(VSCode) 2024-08-24 11:42:40.378 [INFO]: Skipping completions because autocomplete is open
(VSCode) 2024-08-24 11:42:42.316 [INFO]: Completion request succeeded (558.29ms)
(VSCode) 2024-08-24 11:42:42.317 [INFO]: No completions were generated
(VSCode) 2024-08-24 11:42:42.318 [INFO]: provideInlineCompletionItems request succeeded (560.56ms)
(VSCode) 2024-08-24 11:42:47.436 [INFO]: Completion request was cancelled by token (3670.52ms)
(VSCode) 2024-08-24 11:43:03.024 [INFO]: Completion request succeeded (448.82ms)
(VSCode) 2024-08-24 11:43:03.025 [INFO]: Generated 3 completions
(VSCode) 2024-08-24 11:43:03.026 [INFO]: provideInlineCompletionItems request succeeded (452.08ms)
(VSCode) 2024-08-24 11:43:03.599 [INFO]: Completion request succeeded (495.77ms)
(VSCode) 2024-08-24 11:43:03.600 [INFO]: Generated 7 completions
(VSCode) 2024-08-24 11:43:03.602 [INFO]: provideInlineCompletionItems request succeeded (499.81ms)
(VSCode) 2024-08-24 11:43:12.683 [INFO]: Completion request succeeded (7.59ms)
(VSCode) 2024-08-24 11:43:12.684 [INFO]: Generated 7 completions
(VSCode) 2024-08-24 11:43:12.686 [INFO]: provideInlineCompletionItems request succeeded (10.89ms)
E0824 12:29:35.280680  4106 api_server_client.go:217] Ping error: read tcp 192.168.1.119:43510 -> 35.223.238.178:443: read: connection reset by peer
I0824 12:30:01.597085  4106 rpcs_miscellaneous.go:120] Memory stats: {"runtime":{"alloc":91357664,"heap_inuse":99246080,"heap_released":1433600,"heap_sys":144228352,"total_alloc":411594232,"stack_inuse":1671168,"sys":156167464,"num_goroutine":119},"proc":{"virt_size":2430108,"pss":347450}}
E0824 12:30:02.964122  4106 unleash.go:61] Unleash error: Post "https://unleash.codeium.com/api/client/metrics": context deadline exceeded (Client.Timeout exceeded while awaiting headers)
E0824 12:30:02.964171  4106 unleash.go:61] Unleash error: Get "https://unleash.codeium.com/api/client/features": context deadline exceeded (Client.Timeout exceeded while awaiting headers)
(VSCode) 2024-08-24 12:30:30.645 [INFO]: Completion request was cancelled by token (294.56ms)
(VSCode) 2024-08-24 12:30:31.018 [INFO]: Completion request succeeded (323.43ms)
(VSCode) 2024-08-24 12:30:31.019 [INFO]: No completions were generated
(VSCode) 2024-08-24 12:30:31.020 [INFO]: provideInlineCompletionItems request succeeded (325.79ms)
(VSCode) 2024-08-24 12:30:32.246 [INFO]: Completion request succeeded (636.67ms)
(VSCode) 2024-08-24 12:30:32.247 [INFO]: Generated 1 completion
(VSCode) 2024-08-24 12:30:32.248 [INFO]: provideInlineCompletionItems request succeeded (639.32ms)
(VSCode) 2024-08-24 12:30:37.983 [INFO]: Completion request succeeded (764.11ms)
(VSCode) 2024-08-24 12:30:37.984 [INFO]: Generated 1 completion
(VSCode) 2024-08-24 12:30:37.985 [INFO]: provideInlineCompletionItems request succeeded (767.44ms)
I0824 12:35:01.776823  4106 rpcs_miscellaneous.go:120] Memory stats: {"runtime":{"alloc":40662008,"heap_inuse":51593216,"heap_released":81764352,"heap_sys":145162240,"total_alloc":453967000,"stack_inuse":1507328,"sys":156167464,"num_goroutine":118},"proc":{"virt_size":2430108,"pss":269193}}
I0824 12:37:01.372332  4106 client_manager.go:248] Pruning inactive client for {3e8a17bd-3c9b-4c50-bac1-461a703633e7 967d30bd-02ee-4240-83e7-f1b2a234be4a}
