(VSCode) 2024-08-24 11:27:36.031 [INFO]: No proxy settings found
(VSCode) 2024-08-24 11:27:37.470 [INFO]: Creating manager directory: /tmp/e93f9c19-5a43-4267-b79c-91da6b328d22/codeium/manager
(VSCode) 2024-08-24 11:27:37.883 [INFO]: Using cached LS with valid crc32: /home/nathan/.vscode-oss/extensions/codeium.codeium-1.12.6-universal/dist/380c7c9c022eebd0772a9eca3800839b5b4db78c/language_server_linux_x64
(VSCode) 2024-08-24 11:27:37.893 [INFO]: Language server started
2024/08/24 11:27:37 maxprocs: Leaving GOMAXPROCS=8: CPU quota undefined
I0824 11:27:38.079304  4310 main.go:415] [Logging] Initialized the logger
I0824 11:27:38.079410  4310 main.go:512] Setting GOMAXPROCS to 8
I0824 11:27:38.079558  4310 main.go:672] Starting language server manager with pid 4310
I0824 11:27:38.079671  4310 main.go:118] Manager acquired its lock file /tmp/e93f9c19-5a43-4267-b79c-91da6b328d22/codeium/manager/locks/manager.lock
I0824 11:27:38.080620  4310 main.go:257] Waiting for random port file in /tmp/e93f9c19-5a43-4267-b79c-91da6b328d22/codeium/manager/child_random_port_1724491658079828896_9189336982479700170 to be created
2024/08/24 11:27:38 maxprocs: Leaving GOMAXPROCS=8: CPU quota undefined
I0824 11:27:38.257302  4319 main.go:415] [Logging] Initialized the logger
I0824 11:27:38.257369  4319 main.go:512] Setting GOMAXPROCS to 4
I0824 11:27:38.257519  4319 main.go:666] Starting language server process with pid 4319
I0824 11:27:38.257545  4319 server.go:161] Language server will attempt to listen on host 127.0.0.1
I0824 11:27:38.257704  4319 server.go:168] Language server listening on random port at 43765
I0824 11:27:38.257806  4319 proxy.go:113] proxyplease.proxy> No proxy provided. Attempting to infer from system.
I0824 11:27:38.257842  4319 proxy.go:113] proxyplease.proxy> No proxy could be determined. Assuming a direct connection.
I0824 11:27:38.257883  4319 client.go:589] [DEBUG] GET https://server.codeium.com/exa.api_server_pb.ApiServerService/GetCompletions
I0824 11:27:38.709529  4319 unleash.go:91] Initializing Unleash
I0824 11:27:39.129518  4319 unleash.go:111] Successfully initialized Unleash
E0824 11:27:39.146082  4319 client_manager.go:270] Metadata is nil when trying to refresh user JWT
I0824 11:27:39.146599  4319 server.go:363] Successfully created API server client
I0824 11:27:39.196839  4319 server.go:372] Successfully initialized tokenizer
E0824 11:27:39.197555  4319 context_module.go:367] unable to get default pinned context guideline: open /home/nathan/.codeium/codeium_settings.yaml: no such file or directory
I0824 11:27:39.197851  4319 server.go:485] Local search is enabled, will index local files.
I0824 11:27:39.197879  4319 server.go:489] Using 2 indexer workers
I0824 11:27:39.198117  4319 sqlite_faiss_db_client.go:70] Using database at /home/nathan/.codeium/database/9c0694567290725d9dcba14ade58e297/2/MODEL_EMBED_6591
I0824 11:27:39.206417  4319 sqlite_faiss_db_client.go:84] Successfully created embedding search database in 8ms
I0824 11:27:39.206985  4319 indexer.go:215] Using 4 embed workers
I0824 11:27:39.207048  4319 search_provider.go:269] Successfully created and started indexer
I0824 11:27:39.207088  4319 search_provider.go:299] Successfully created embedding search provider with db client: &{0xc001793400 0xc0016ee000}
I0824 11:27:39.213615  4319 server.go:564] Successfully created completion provider
I0824 11:27:39.214034  4319 server.go:614] Child process attempting to acquire lock file /tmp/e93f9c19-5a43-4267-b79c-91da6b328d22/codeium/manager/locks/child_lock_1724491658079893465_4118161842481301702
I0824 11:27:39.214113  4319 server.go:622] Child process acquired lock file /tmp/e93f9c19-5a43-4267-b79c-91da6b328d22/codeium/manager/locks/child_lock_1724491658079893465_4118161842481301702
I0824 11:27:39.222282  4319 server.go:188] LSP listening on random port at 36137
I0824 11:27:39.222831  4319 web_server.go:240] Chat Web Server listening at ws://127.0.0.1:41627
36137
I0824 11:27:39.287180  4310 main.go:293] Language server manager found random server port 43765
I0824 11:27:39.287218  4310 main.go:294] Language server manager found random lsp port 36137
I0824 11:27:39.287235  4310 main.go:301] Language server manager attempting to connect to language server at 127.0.0.1:43765
I0824 11:27:39.306754  4310 main.go:172] Fixing language server port at 43765
I0824 11:27:39.306782  4310 main.go:352] Language server manager successfully connected to new language server at 127.0.0.1:43765
(VSCode) 2024-08-24 11:27:39.406 [INFO]: Found language server running on port 43765
I0824 11:27:39.417558  4319 utils.go:185] Analyzing workspace files for /etc/sway/
I0824 11:27:39.417829  4319 utils.go:245] Done analyzing workspace files for /etc/sway/
I0824 11:27:39.417852  4319 lsp.go:208] Found 17 files in workspace /etc/sway/
I0824 11:27:39.417991  4319 lsp.go:232] Adding workspace listener for [0xc0010a62a0]
I0824 11:27:39.418088  4319 indexing_listener.go:238] Add workspace event with uid 1 for workspace /etc/sway/
I0824 11:27:39.422629  4319 lazy_model.go:32] Successfully created faiss index
I0824 11:27:39.429931  4319 indexing_listener.go:297] Done enqueue workspace with uid 1
I0824 11:27:39.460196  4319 rpcs_miscellaneous.go:323] University version is up to date.
I0824 11:27:39.469568  4319 rpcs_miscellaneous.go:205] Downloading changelog from https://exafunction.github.io/public/changelog/1.12.md
I0824 11:27:39.479277  4319 rpcs_miscellaneous.go:209] No changelog found at https://exafunction.github.io/public/changelog/1.12.md
(VSCode) 2024-08-24 11:28:15.300 [INFO]: Disposing language server process
(VSCode) 2024-08-24 11:28:15.300 [INFO]: Deleting manager directory: /tmp/e93f9c19-5a43-4267-b79c-91da6b328d22/codeium/manager
(VSCode) 2024-08-24 11:28:15.303 [INFO]: Successfully disposed language server
