(VSCode) 2024-08-24 11:30:59.415 [INFO]: No proxy settings found
(VSCode) 2024-08-24 11:31:00.753 [INFO]: Creating manager directory: /tmp/1a9449ec-7b8e-49cf-b4ce-9de45bc4b269/codeium/manager
(VSCode) 2024-08-24 11:31:01.252 [INFO]: Using cached LS with valid crc32: /home/nathan/.vscode-oss/extensions/codeium.codeium-1.12.6-universal/dist/380c7c9c022eebd0772a9eca3800839b5b4db78c/language_server_linux_x64
(VSCode) 2024-08-24 11:31:01.260 [INFO]: Language server started
2024/08/24 11:31:01 maxprocs: Leaving GOMAXPROCS=8: CPU quota undefined
I0824 11:31:01.445274  3926 main.go:415] [Logging] Initialized the logger
I0824 11:31:01.445352  3926 main.go:512] Setting GOMAXPROCS to 8
I0824 11:31:01.445479  3926 main.go:672] Starting language server manager with pid 3926
I0824 11:31:01.445584  3926 main.go:118] Manager acquired its lock file /tmp/1a9449ec-7b8e-49cf-b4ce-9de45bc4b269/codeium/manager/locks/manager.lock
I0824 11:31:01.446192  3926 main.go:257] Waiting for random port file in /tmp/1a9449ec-7b8e-49cf-b4ce-9de45bc4b269/codeium/manager/child_random_port_1724491861445721583_6215487150222768543 to be created
2024/08/24 11:31:01 maxprocs: Leaving GOMAXPROCS=8: CPU quota undefined
I0824 11:31:01.635435  3944 main.go:415] [Logging] Initialized the logger
I0824 11:31:01.635529  3944 main.go:512] Setting GOMAXPROCS to 4
I0824 11:31:01.635750  3944 main.go:666] Starting language server process with pid 3944
I0824 11:31:01.635794  3944 server.go:161] Language server will attempt to listen on host 127.0.0.1
I0824 11:31:01.636026  3944 server.go:168] Language server listening on random port at 43725
I0824 11:31:01.636142  3944 proxy.go:113] proxyplease.proxy> No proxy provided. Attempting to infer from system.
I0824 11:31:01.636173  3944 proxy.go:113] proxyplease.proxy> No proxy could be determined. Assuming a direct connection.
I0824 11:31:01.636206  3944 client.go:589] [DEBUG] GET https://server.codeium.com/exa.api_server_pb.ApiServerService/GetCompletions
I0824 11:31:02.103504  3944 unleash.go:91] Initializing Unleash
I0824 11:31:02.508964  3944 unleash.go:111] Successfully initialized Unleash
E0824 11:31:02.524858  3944 client_manager.go:270] Metadata is nil when trying to refresh user JWT
I0824 11:31:02.525312  3944 server.go:363] Successfully created API server client
I0824 11:31:02.574227  3944 server.go:372] Successfully initialized tokenizer
E0824 11:31:02.574868  3944 context_module.go:367] unable to get default pinned context guideline: open /home/nathan/.codeium/codeium_settings.yaml: no such file or directory
I0824 11:31:02.575405  3944 server.go:485] Local search is enabled, will index local files.
I0824 11:31:02.575433  3944 server.go:489] Using 2 indexer workers
I0824 11:31:02.575661  3944 sqlite_faiss_db_client.go:70] Using database at /home/nathan/.codeium/database/9c0694567290725d9dcba14ade58e297/2/MODEL_EMBED_6591
I0824 11:31:02.583494  3944 sqlite_faiss_db_client.go:84] Successfully created embedding search database in 7ms
I0824 11:31:02.583888  3944 indexer.go:215] Using 4 embed workers
I0824 11:31:02.583947  3944 search_provider.go:269] Successfully created and started indexer
I0824 11:31:02.583999  3944 search_provider.go:299] Successfully created embedding search provider with db client: &{0xc001e1b880 0xc001dc1ca0}
I0824 11:31:02.587530  3944 server.go:564] Successfully created completion provider
I0824 11:31:02.587910  3944 server.go:614] Child process attempting to acquire lock file /tmp/1a9449ec-7b8e-49cf-b4ce-9de45bc4b269/codeium/manager/locks/child_lock_1724491861445779555_4495058845598600733
I0824 11:31:02.587972  3944 server.go:622] Child process acquired lock file /tmp/1a9449ec-7b8e-49cf-b4ce-9de45bc4b269/codeium/manager/locks/child_lock_1724491861445779555_4495058845598600733
I0824 11:31:02.592738  3944 server.go:188] LSP listening on random port at 42647
I0824 11:31:02.593255  3944 web_server.go:240] Chat Web Server listening at ws://127.0.0.1:33769
42647
I0824 11:31:02.652578  3926 main.go:293] Language server manager found random server port 43725
I0824 11:31:02.652665  3926 main.go:294] Language server manager found random lsp port 42647
I0824 11:31:02.652704  3926 main.go:301] Language server manager attempting to connect to language server at 127.0.0.1:43725
I0824 11:31:02.678704  3926 main.go:172] Fixing language server port at 43725
I0824 11:31:02.678731  3926 main.go:352] Language server manager successfully connected to new language server at 127.0.0.1:43725
(VSCode) 2024-08-24 11:31:02.772 [INFO]: Found language server running on port 43725
I0824 11:31:02.837175  3944 rpcs_miscellaneous.go:323] University version is up to date.
I0824 11:31:02.844403  3944 rpcs_miscellaneous.go:205] Downloading changelog from https://exafunction.github.io/public/changelog/1.12.md
I0824 11:31:02.855751  3944 rpcs_miscellaneous.go:209] No changelog found at https://exafunction.github.io/public/changelog/1.12.md
