2024-08-24 11:34:11.208 [info] [main] Log level: Info
2024-08-24 11:34:11.208 [info] [main] Validating found git in: "git"
2024-08-24 11:34:11.208 [info] [main] Using git "2.46.0" from "git"
2024-08-24 11:34:11.208 [info] [Model][doInitialScan] Initial repository scan started
2024-08-24 11:34:11.208 [info] > git rev-parse --show-toplevel [7ms]
2024-08-24 11:34:11.208 [info] fatal: not a git repository (or any of the parent directories): .git
2024-08-24 11:34:11.208 [info] > git rev-parse --show-toplevel [20ms]
2024-08-24 11:34:11.209 [info] fatal: not a git repository (or any of the parent directories): .git
2024-08-24 11:34:11.279 [info] > git rev-parse --show-toplevel [6ms]
2024-08-24 11:34:11.279 [info] fatal: not a git repository (or any of the parent directories): .git
2024-08-24 11:34:12.487 [info] > git rev-parse --show-toplevel [1177ms]
2024-08-24 11:34:12.487 [info] fatal: not a git repository (or any of the parent directories): .git
2024-08-24 11:34:12.579 [info] > git rev-parse --show-toplevel [10ms]
2024-08-24 11:34:12.579 [info] fatal: not a git repository (or any of the parent directories): .git
2024-08-24 11:34:12.594 [info] > git rev-parse --show-toplevel [3ms]
2024-08-24 11:34:12.594 [info] fatal: not a git repository (or any of the parent directories): .git
2024-08-24 11:34:12.608 [info] > git rev-parse --show-toplevel [2ms]
2024-08-24 11:34:12.608 [info] fatal: not a git repository (or any of the parent directories): .git
2024-08-24 11:34:12.623 [info] > git rev-parse --show-toplevel [6ms]
2024-08-24 11:34:12.623 [info] fatal: not a git repository (or any of the parent directories): .git
2024-08-24 11:34:12.634 [info] > git rev-parse --show-toplevel [1ms]
2024-08-24 11:34:12.634 [info] fatal: not a git repository (or any of the parent directories): .git
2024-08-24 11:34:12.644 [info] > git rev-parse --show-toplevel [2ms]
2024-08-24 11:34:12.644 [info] fatal: not a git repository (or any of the parent directories): .git
2024-08-24 11:34:12.654 [info] > git rev-parse --show-toplevel [2ms]
2024-08-24 11:34:12.654 [info] fatal: not a git repository (or any of the parent directories): .git
2024-08-24 11:34:12.690 [info] > git rev-parse --show-toplevel [28ms]
2024-08-24 11:34:12.690 [info] fatal: not a git repository (or any of the parent directories): .git
2024-08-24 11:34:12.719 [info] > git rev-parse --show-toplevel [2ms]
2024-08-24 11:34:12.719 [info] fatal: not a git repository (or any of the parent directories): .git
2024-08-24 11:34:12.731 [info] > git rev-parse --show-toplevel [2ms]
2024-08-24 11:34:12.732 [info] fatal: not a git repository (or any of the parent directories): .git
2024-08-24 11:34:12.745 [info] > git rev-parse --show-toplevel [1ms]
2024-08-24 11:34:12.745 [info] fatal: not a git repository (or any of the parent directories): .git
2024-08-24 11:34:12.757 [info] > git rev-parse --show-toplevel [2ms]
2024-08-24 11:34:12.757 [info] fatal: not a git repository (or any of the parent directories): .git
2024-08-24 11:34:12.771 [info] > git rev-parse --show-toplevel [1ms]
2024-08-24 11:34:12.771 [info] fatal: not a git repository (or any of the parent directories): .git
2024-08-24 11:34:12.781 [info] > git rev-parse --show-toplevel [1ms]
2024-08-24 11:34:12.781 [info] fatal: not a git repository (or any of the parent directories): .git
2024-08-24 11:34:12.789 [info] > git rev-parse --show-toplevel [1ms]
2024-08-24 11:34:12.789 [info] fatal: not a git repository (or any of the parent directories): .git
2024-08-24 11:34:12.800 [info] > git rev-parse --show-toplevel [1ms]
2024-08-24 11:34:12.800 [info] fatal: not a git repository (or any of the parent directories): .git
2024-08-24 11:34:12.814 [info] > git rev-parse --show-toplevel [2ms]
2024-08-24 11:34:12.814 [info] fatal: not a git repository (or any of the parent directories): .git
2024-08-24 11:34:12.827 [info] > git rev-parse --show-toplevel [2ms]
2024-08-24 11:34:12.828 [info] fatal: not a git repository (or any of the parent directories): .git
2024-08-24 11:34:12.841 [info] > git rev-parse --show-toplevel [2ms]
2024-08-24 11:34:12.841 [info] fatal: not a git repository (or any of the parent directories): .git
2024-08-24 11:34:12.859 [info] > git rev-parse --show-toplevel [3ms]
2024-08-24 11:34:12.859 [info] fatal: not a git repository (or any of the parent directories): .git
2024-08-24 11:34:12.874 [info] > git rev-parse --show-toplevel [3ms]
2024-08-24 11:34:12.874 [info] fatal: not a git repository (or any of the parent directories): .git
2024-08-24 11:34:12.895 [info] > git rev-parse --show-toplevel [3ms]
2024-08-24 11:34:12.895 [info] fatal: not a git repository (or any of the parent directories): .git
2024-08-24 11:34:12.906 [info] > git rev-parse --show-toplevel [2ms]
2024-08-24 11:34:12.906 [info] fatal: not a git repository (or any of the parent directories): .git
2024-08-24 11:34:12.918 [info] > git rev-parse --show-toplevel [2ms]
2024-08-24 11:34:12.918 [info] fatal: not a git repository (or any of the parent directories): .git
2024-08-24 11:34:12.933 [info] > git rev-parse --show-toplevel [3ms]
2024-08-24 11:34:12.933 [info] fatal: not a git repository (or any of the parent directories): .git
2024-08-24 11:34:12.944 [info] > git rev-parse --show-toplevel [2ms]
2024-08-24 11:34:12.944 [info] fatal: not a git repository (or any of the parent directories): .git
2024-08-24 11:34:12.954 [info] > git rev-parse --show-toplevel [1ms]
2024-08-24 11:34:12.954 [info] fatal: not a git repository (or any of the parent directories): .git
2024-08-24 11:34:12.963 [info] > git rev-parse --show-toplevel [2ms]
2024-08-24 11:34:12.963 [info] fatal: not a git repository (or any of the parent directories): .git
2024-08-24 11:34:12.976 [info] > git rev-parse --show-toplevel [3ms]
2024-08-24 11:34:12.976 [info] fatal: not a git repository (or any of the parent directories): .git
2024-08-24 11:34:12.990 [info] > git rev-parse --show-toplevel [2ms]
2024-08-24 11:34:12.990 [info] fatal: not a git repository (or any of the parent directories): .git
2024-08-24 11:34:13.004 [info] > git rev-parse --show-toplevel [5ms]
2024-08-24 11:34:13.004 [info] fatal: not a git repository (or any of the parent directories): .git
2024-08-24 11:34:13.016 [info] > git rev-parse --show-toplevel [2ms]
2024-08-24 11:34:13.016 [info] fatal: not a git repository (or any of the parent directories): .git
2024-08-24 11:34:13.029 [info] > git rev-parse --show-toplevel [1ms]
2024-08-24 11:34:13.029 [info] fatal: not a git repository (or any of the parent directories): .git
2024-08-24 11:34:13.039 [info] > git rev-parse --show-toplevel [2ms]
2024-08-24 11:34:13.039 [info] fatal: not a git repository (or any of the parent directories): .git
2024-08-24 11:34:13.048 [info] > git rev-parse --show-toplevel [1ms]
2024-08-24 11:34:13.048 [info] fatal: not a git repository (or any of the parent directories): .git
2024-08-24 11:34:13.057 [info] > git rev-parse --show-toplevel [2ms]
2024-08-24 11:34:13.057 [info] fatal: not a git repository (or any of the parent directories): .git
2024-08-24 11:34:13.068 [info] > git rev-parse --show-toplevel [2ms]
2024-08-24 11:34:13.068 [info] fatal: not a git repository (or any of the parent directories): .git
2024-08-24 11:34:13.081 [info] > git rev-parse --show-toplevel [5ms]
2024-08-24 11:34:13.082 [info] fatal: not a git repository (or any of the parent directories): .git
2024-08-24 11:34:13.082 [info] [Model][doInitialScan] Initial repository scan completed - repositories (0), closed repositories (0), parent repositories (0), unsafe repositories (0)
2024-08-24 11:34:13.094 [info] > git rev-parse --show-toplevel [1ms]
2024-08-24 11:34:13.095 [info] fatal: not a git repository (or any of the parent directories): .git
2024-08-24 11:34:13.106 [info] > git rev-parse --show-toplevel [2ms]
2024-08-24 11:34:13.106 [info] fatal: not a git repository (or any of the parent directories): .git
2024-08-24 11:34:28.899 [info] > git rev-parse --show-toplevel [2ms]
2024-08-24 11:34:28.899 [info] fatal: not a git repository (or any of the parent directories): .git
2024-08-24 11:41:34.276 [info] > git rev-parse --show-toplevel [2ms]
2024-08-24 11:41:34.276 [info] fatal: not a git repository (or any of the parent directories): .git
2024-08-24 11:41:35.327 [info] > git rev-parse --show-toplevel [2ms]
2024-08-24 11:41:35.327 [info] fatal: not a git repository (or any of the parent directories): .git
