2024-08-24 11:28:20.081 [info] [main] Log level: Info
2024-08-24 11:28:20.081 [info] [main] Validating found git in: "git"
2024-08-24 11:28:20.081 [info] [main] Using git "2.46.0" from "git"
2024-08-24 11:28:20.081 [info] [Model][doInitialScan] Initial repository scan started
2024-08-24 11:28:20.081 [info] > git rev-parse --show-toplevel [10ms]
2024-08-24 11:28:20.081 [info] fatal: not a git repository (or any of the parent directories): .git
2024-08-24 11:28:20.081 [info] > git rev-parse --show-toplevel [653ms]
2024-08-24 11:28:20.081 [info] fatal: not a git repository (or any of the parent directories): .git
2024-08-24 11:28:20.082 [info] > git rev-parse --show-toplevel [6ms]
2024-08-24 11:28:20.082 [info] fatal: not a git repository (or any of the parent directories): .git
2024-08-24 11:28:20.098 [info] > git rev-parse --show-toplevel [5ms]
2024-08-24 11:28:20.098 [info] fatal: not a git repository (or any of the parent directories): .git
2024-08-24 11:28:20.110 [info] > git rev-parse --show-toplevel [2ms]
2024-08-24 11:28:20.110 [info] fatal: not a git repository (or any of the parent directories): .git
2024-08-24 11:28:20.111 [info] [Model][doInitialScan] Initial repository scan completed - repositories (0), closed repositories (0), parent repositories (0), unsafe repositories (0)
2024-08-24 11:28:20.123 [info] > git rev-parse --show-toplevel [2ms]
2024-08-24 11:28:20.123 [info] fatal: not a git repository (or any of the parent directories): .git
2024-08-24 11:28:20.138 [info] > git rev-parse --show-toplevel [6ms]
2024-08-24 11:28:20.138 [info] fatal: not a git repository (or any of the parent directories): .git
2024-08-24 11:28:20.187 [info] > git rev-parse --show-toplevel [41ms]
2024-08-24 11:28:20.187 [info] fatal: not a git repository (or any of the parent directories): .git
2024-08-24 11:28:20.907 [info] > git rev-parse --show-toplevel [1ms]
2024-08-24 11:28:20.907 [info] fatal: not a git repository (or any of the parent directories): .git
