2024-08-24 11:30:58.543 [info] [main] Log level: Info
2024-08-24 11:30:58.543 [info] [main] Validating found git in: "git"
2024-08-24 11:30:58.543 [info] [main] Using git "2.46.0" from "git"
2024-08-24 11:30:58.543 [info] [Model][doInitialScan] Initial repository scan started
2024-08-24 11:30:58.543 [info] > git rev-parse --show-toplevel [11ms]
2024-08-24 11:30:58.543 [info] fatal: not a git repository (or any of the parent directories): .git
2024-08-24 11:30:58.543 [info] > git rev-parse --show-toplevel [3ms]
2024-08-24 11:30:58.543 [info] fatal: not a git repository (or any of the parent directories): .git
2024-08-24 11:30:58.545 [info] > git rev-parse --show-toplevel [3ms]
2024-08-24 11:30:58.545 [info] fatal: not a git repository (or any of the parent directories): .git
2024-08-24 11:30:59.704 [info] > git rev-parse --show-toplevel [110ms]
2024-08-24 11:30:59.704 [info] fatal: not a git repository (or any of the parent directories): .git
2024-08-24 11:30:59.730 [info] > git rev-parse --show-toplevel [7ms]
2024-08-24 11:30:59.730 [info] fatal: not a git repository (or any of the parent directories): .git
2024-08-24 11:30:59.730 [info] [Model][doInitialScan] Initial repository scan completed - repositories (0), closed repositories (0), parent repositories (0), unsafe repositories (0)
2024-08-24 11:30:59.803 [info] > git rev-parse --show-toplevel [60ms]
2024-08-24 11:30:59.803 [info] fatal: not a git repository (or any of the parent directories): .git
2024-08-24 11:31:11.359 [info] > git rev-parse --show-toplevel [3ms]
2024-08-24 11:31:11.359 [info] fatal: not a git repository (or any of the parent directories): .git
2024-08-24 11:31:14.734 [info] > git rev-parse --show-toplevel [8ms]
2024-08-24 11:31:14.734 [info] fatal: not a git repository (or any of the parent directories): .git
2024-08-24 11:31:16.647 [info] > git rev-parse --show-toplevel [2ms]
2024-08-24 11:31:16.647 [info] fatal: not a git repository (or any of the parent directories): .git
