2024-08-24 11:31:00.141 [info] [main] Log level: Info
2024-08-24 11:31:00.141 [info] [main] Validating found git in: "git"
2024-08-24 11:31:00.141 [info] [main] Using git "2.46.0" from "git"
2024-08-24 11:31:00.141 [info] [Model][doInitialScan] Initial repository scan started
2024-08-24 11:31:00.141 [info] > git rev-parse --show-toplevel [6ms]
2024-08-24 11:31:00.141 [info] fatal: not a git repository (or any of the parent directories): .git
2024-08-24 11:31:00.141 [info] > git rev-parse --show-toplevel [8ms]
2024-08-24 11:31:00.141 [info] fatal: not a git repository (or any of the parent directories): .git
2024-08-24 11:31:00.141 [info] > git rev-parse --show-toplevel [1018ms]
2024-08-24 11:31:00.141 [info] fatal: not a git repository (or any of the parent directories): .git
2024-08-24 11:31:00.154 [info] > git rev-parse --show-toplevel [28ms]
2024-08-24 11:31:00.154 [info] fatal: not a git repository (or any of the parent directories): .git
2024-08-24 11:31:00.177 [info] > git rev-parse --show-toplevel [8ms]
2024-08-24 11:31:00.177 [info] fatal: not a git repository (or any of the parent directories): .git
2024-08-24 11:31:00.178 [info] [Model][doInitialScan] Initial repository scan completed - repositories (0), closed repositories (0), parent repositories (0), unsafe repositories (0)
2024-08-24 11:31:00.196 [info] > git rev-parse --show-toplevel [9ms]
2024-08-24 11:31:00.196 [info] fatal: not a git repository (or any of the parent directories): .git
2024-08-24 11:32:07.015 [info] > git rev-parse --show-toplevel [5ms]
2024-08-24 11:32:07.016 [info] fatal: not a git repository (or any of the parent directories): .git
2024-08-24 11:32:09.504 [info] > git rev-parse --show-toplevel [5ms]
2024-08-24 11:32:09.504 [info] fatal: not a git repository (or any of the parent directories): .git
