(VSCode) 2024-08-24 11:34:12.417 [INFO]: No proxy settings found
(VSCode) 2024-08-24 11:34:13.580 [INFO]: Creating manager directory: /tmp/ec378ccf-65ec-46c2-896b-e19eeaef0339/codeium/manager
(VSCode) 2024-08-24 11:34:14.036 [INFO]: Using cached LS with valid crc32: /home/nathan/.vscode-oss/extensions/codeium.codeium-1.12.6-universal/dist/380c7c9c022eebd0772a9eca3800839b5b4db78c/language_server_linux_x64
(VSCode) 2024-08-24 11:34:14.045 [INFO]: Language server started
2024/08/24 11:34:14 maxprocs: Leaving GOMAXPROCS=8: CPU quota undefined
I0824 11:34:14.217997  4064 main.go:415] [Logging] Initialized the logger
I0824 11:34:14.218075  4064 main.go:512] Setting GOMAXPROCS to 8
I0824 11:34:14.218161  4064 main.go:672] Starting language server manager with pid 4064
I0824 11:34:14.218245  4064 main.go:118] Manager acquired its lock file /tmp/ec378ccf-65ec-46c2-896b-e19eeaef0339/codeium/manager/locks/manager.lock
I0824 11:34:14.218929  4064 main.go:257] Waiting for random port file in /tmp/ec378ccf-65ec-46c2-896b-e19eeaef0339/codeium/manager/child_random_port_1724492054218461490_8588783266191499413 to be created
2024/08/24 11:34:14 maxprocs: Leaving GOMAXPROCS=8: CPU quota undefined
I0824 11:34:14.371699  4084 main.go:415] [Logging] Initialized the logger
I0824 11:34:14.371782  4084 main.go:512] Setting GOMAXPROCS to 4
I0824 11:34:14.372025  4084 main.go:666] Starting language server process with pid 4084
I0824 11:34:14.372061  4084 server.go:161] Language server will attempt to listen on host 127.0.0.1
I0824 11:34:14.372239  4084 server.go:168] Language server listening on random port at 41661
I0824 11:34:14.372336  4084 proxy.go:113] proxyplease.proxy> No proxy provided. Attempting to infer from system.
I0824 11:34:14.372371  4084 proxy.go:113] proxyplease.proxy> No proxy could be determined. Assuming a direct connection.
I0824 11:34:14.372403  4084 client.go:589] [DEBUG] GET https://server.codeium.com/exa.api_server_pb.ApiServerService/GetCompletions
I0824 11:34:14.809275  4084 unleash.go:91] Initializing Unleash
I0824 11:34:15.200337  4084 unleash.go:111] Successfully initialized Unleash
E0824 11:34:15.208888  4084 client_manager.go:270] Metadata is nil when trying to refresh user JWT
I0824 11:34:15.209361  4084 server.go:363] Successfully created API server client
I0824 11:34:15.240755  4084 server.go:372] Successfully initialized tokenizer
E0824 11:34:15.241166  4084 context_module.go:367] unable to get default pinned context guideline: open /home/nathan/.codeium/codeium_settings.yaml: no such file or directory
I0824 11:34:15.241287  4084 server.go:485] Local search is enabled, will index local files.
I0824 11:34:15.241303  4084 server.go:489] Using 2 indexer workers
I0824 11:34:15.241391  4084 sqlite_faiss_db_client.go:70] Using database at /home/nathan/.codeium/database/9c0694567290725d9dcba14ade58e297/2/MODEL_EMBED_6591
I0824 11:34:15.242580  4084 sqlite_faiss_db_client.go:84] Successfully created embedding search database in 1ms
I0824 11:34:15.242956  4084 indexer.go:215] Using 4 embed workers
I0824 11:34:15.243014  4084 search_provider.go:269] Successfully created and started indexer
I0824 11:34:15.243059  4084 search_provider.go:299] Successfully created embedding search provider with db client: &{0xc001dbbc00 0xc001d92e20}
I0824 11:34:15.246563  4084 server.go:564] Successfully created completion provider
I0824 11:34:15.246670  4084 server.go:614] Child process attempting to acquire lock file /tmp/ec378ccf-65ec-46c2-896b-e19eeaef0339/codeium/manager/locks/child_lock_1724492054218501536_385279533490765805
I0824 11:34:15.246706  4084 server.go:622] Child process acquired lock file /tmp/ec378ccf-65ec-46c2-896b-e19eeaef0339/codeium/manager/locks/child_lock_1724492054218501536_385279533490765805
I0824 11:34:15.250345  4084 server.go:188] LSP listening on random port at 40285
I0824 11:34:15.251280  4084 web_server.go:240] Chat Web Server listening at ws://127.0.0.1:33529
40285
I0824 11:34:15.324644  4064 main.go:293] Language server manager found random server port 41661
I0824 11:34:15.324698  4064 main.go:294] Language server manager found random lsp port 40285
I0824 11:34:15.324721  4064 main.go:301] Language server manager attempting to connect to language server at 127.0.0.1:41661
I0824 11:34:15.356847  4064 main.go:172] Fixing language server port at 41661
I0824 11:34:15.356869  4064 main.go:352] Language server manager successfully connected to new language server at 127.0.0.1:41661
(VSCode) 2024-08-24 11:34:15.453 [INFO]: Found language server running on port 41661
I0824 11:34:15.464056  4084 utils.go:185] Analyzing workspace files for /usr/share/sway/
I0824 11:34:15.464566  4084 utils.go:245] Done analyzing workspace files for /usr/share/sway/
I0824 11:34:15.464577  4084 lsp.go:208] Found 49 files in workspace /usr/share/sway/
I0824 11:34:15.464883  4084 lsp.go:232] Adding workspace listener for [0xc0002e6150]
I0824 11:34:15.465149  4084 indexing_listener.go:238] Add workspace event with uid 1 for workspace /usr/share/sway/
I0824 11:34:15.467328  4084 lazy_model.go:32] Successfully created faiss index
I0824 11:34:15.490986  4084 indexing_listener.go:297] Done enqueue workspace with uid 1
I0824 11:34:15.510708  4084 rpcs_miscellaneous.go:323] University version is up to date.
I0824 11:34:15.514462  4084 rpcs_miscellaneous.go:205] Downloading changelog from https://exafunction.github.io/public/changelog/1.12.md
I0824 11:34:15.526753  4084 rpcs_miscellaneous.go:209] No changelog found at https://exafunction.github.io/public/changelog/1.12.md
I0824 11:39:15.314221  4084 rpcs_miscellaneous.go:113] Indexer stats: database:{local_sqlite_faiss:{faiss_state_stats:{embedding_source:EMBEDDING_SOURCE_CODE_CONTEXT_ITEM  workspace:"/usr/share/sway"  item_count:176}  total_item_count:176  quantized:true}}
I0824 11:39:15.320408  4084 rpcs_miscellaneous.go:120] Memory stats: {"runtime":{"alloc":45909000,"heap_inuse":50167808,"heap_released":9936896,"heap_sys":73826304,"total_alloc":132677472,"stack_inuse":1474560,"sys":83452184,"num_goroutine":49},"proc":{"virt_size":2338520,"pss":275168}}
I0824 11:40:15.209464  4084 client_manager.go:248] Pruning inactive client for {3e8a17bd-3c9b-4c50-bac1-461a703633e7 59396fed-7f76-4909-a9bc-f8e5be21c468}
E0824 12:29:34.978686  4084 api_server_client.go:217] Ping error: read tcp 192.168.1.119:43432 -> 35.223.238.178:443: read: connection reset by peer
I0824 12:30:01.645029  4084 rpcs_miscellaneous.go:113] Indexer stats: database:{local_sqlite_faiss:{faiss_state_stats:{embedding_source:EMBEDDING_SOURCE_CODE_CONTEXT_ITEM  workspace:"/usr/share/sway"  item_count:176}  total_item_count:176  quantized:true}}
I0824 12:30:01.649566  4084 rpcs_miscellaneous.go:120] Memory stats: {"runtime":{"alloc":51770664,"heap_inuse":55705600,"heap_released":13541376,"heap_sys":73793536,"total_alloc":168854600,"stack_inuse":1507328,"sys":83452184,"num_goroutine":46},"proc":{"virt_size":2338520,"pss":271776}}
I0824 12:35:01.318075  4084 rpcs_miscellaneous.go:113] Indexer stats: database:{local_sqlite_faiss:{faiss_state_stats:{embedding_source:EMBEDDING_SOURCE_CODE_CONTEXT_ITEM  workspace:"/usr/share/sway"  item_count:176}  total_item_count:176  quantized:true}}
I0824 12:35:01.323431  4084 rpcs_miscellaneous.go:120] Memory stats: {"runtime":{"alloc":41693848,"heap_inuse":46104576,"heap_released":16752640,"heap_sys":73859072,"total_alloc":201915936,"stack_inuse":1507328,"sys":83452184,"num_goroutine":48},"proc":{"virt_size":2338520,"pss":268770}}
